<?xml version="1.0" encoding="UTF-8"?>
<!-- Generated by org.testng.reporters.JUnitXMLReporter -->
<testsuite hostname="PRINHYLTPHP0388" name="Default test" tests="5" failures="0" timestamp="6 Jan 2015 03:37:29 GMT" time="0.16" errors="0">
  <testcase name="testAdd" time="0.1" classname="testNg.TestNGSimpleTest2"/>
  <testcase name="testAdd2" time="0.0" classname="testNg.TestNGSimpleTest2"/>
  <testcase name="testAdd3" time="0.0" classname="testNg.TestNGSimpleTest2"/>
  <testcase name="testAdd4" time="0.0" classname="testNg.TestNGSimpleTest2"/>
  <testcase name="testAdd5" time="0.0" classname="testNg.TestNGSimpleTest2"/>
</testsuite> <!-- Default test -->
